<?xml version='1.0' encoding='UTF-8' ?>
<testsuites>
  <testsuite name="iphonexs-12.1-en-portrait#TrackSeafoodTest" tests="2" failures="0" errors="0" skipped="0" time="154.484" hostname="localhost">
    <testcase name="testMultipleSeafoodAtOnce()" classname="TrackSeafoodTest" time="59.492">
      <webLink></webLink>
    </testcase>
    <testcase name="testOneSeafood()" classname="TrackSeafoodTest" time="94.992">
      <webLink></webLink>
    </testcase>
  </testsuite>
  <testsuite name="iphonexs-12.1-en-portrait#EmailSigninMethodTest" tests="1" failures="0" errors="0" skipped="0" time="40.056" hostname="localhost">
    <testcase name="testExistingUser()" classname="EmailSigninMethodTest" time="40.056">
      <webLink></webLink>
    </testcase>
  </testsuite>
</testsuites>
